<?xml version="1.0" encoding="UTF-8"?>
<!-- Generated by org.testng.reporters.JUnitReportReporter -->
<testsuite hostname="DESKTOP-GRUOEUJ" failures="0" tests="1" name="RathodLuckyAcademy.tests.ErrorValidation" time="1.869" errors="0" timestamp="2022-11-08T08:30:25 IST" skipped="0">
  <testcase classname="RathodLuckyAcademy.tests.ErrorValidation" name="submitOrder" time="1.869"/>
  <system-out/>
</testsuite> <!-- RathodLuckyAcademy.tests.ErrorValidation -->
